#
# There is insufficient memory for the Java Runtime Environment to continue.
# Native memory allocation (malloc) failed to allocate 446656 bytes for Chunk::new
# Possible reasons:
#   The system is out of physical RAM or swap space
#   In 32 bit mode, the process size limit was hit
# Possible solutions:
#   Reduce memory load on the system
#   Increase physical memory or swap space
#   Check if swap backing store is full
#   Use 64 bit Java on a 64 bit OS
#   Decrease Java heap size (-Xmx/-Xms)
#   Decrease number of Java threads
#   Decrease Java thread stack sizes (-Xss)
#   Set larger code cache with -XX:ReservedCodeCacheSize=
# This output file may be truncated or incomplete.
#
#  Out of Memory Error (allocation.cpp:390), pid=27984, tid=0x0000000000001004
#
# JRE version: Java(TM) SE Runtime Environment (8.0_111-b14) (build 1.8.0_111-b14)
# Java VM: Java HotSpot(TM) 64-Bit Server VM (25.111-b14 mixed mode windows-amd64 compressed oops)
# Failed to write core dump. Minidumps are not enabled by default on client versions of Windows
#

---------------  T H R E A D  ---------------

Current thread (0x0000000017d81000):  JavaThread "C2 CompilerThread0" daemon [_thread_in_native, id=4100, stack(0x0000000019780000,0x0000000019880000)]

Stack: [0x0000000019780000,0x0000000019880000]
[error occurred during error reporting (printing stack bounds), id 0xc0000005]

Native frames: (J=compiled Java code, j=interpreted, Vv=VM code, C=native code)


Current CompileTask:
C2: 117892 4652   !   4       java.util.Formatter::format (271 bytes)


---------------  P R O C E S S  ---------------

Java Threads: ( => current thread )
  0x0000000019119000 JavaThread "Service Thread" daemon [_thread_blocked, id=26316, stack(0x0000000019a80000,0x0000000019b80000)]
  0x0000000019111800 JavaThread "C1 CompilerThread2" daemon [_thread_blocked, id=16032, stack(0x0000000019980000,0x0000000019a80000)]
  0x0000000017d85000 JavaThread "C2 CompilerThread1" daemon [_thread_blocked, id=12916, stack(0x0000000019880000,0x0000000019980000)]
=>0x0000000017d81000 JavaThread "C2 CompilerThread0" daemon [_thread_in_native, id=4100, stack(0x0000000019780000,0x0000000019880000)]
  0x0000000017d7f800 JavaThread "Monitor Ctrl-Break" daemon [_thread_in_native, id=26824, stack(0x0000000019680000,0x0000000019780000)]
  0x00000000190c3000 JavaThread "Attach Listener" daemon [_thread_blocked, id=26968, stack(0x0000000019580000,0x0000000019680000)]
  0x0000000017d43000 JavaThread "Signal Dispatcher" daemon [_thread_blocked, id=17656, stack(0x0000000019480000,0x0000000019580000)]
  0x0000000017d1a800 JavaThread "Finalizer" daemon [_thread_blocked, id=23572, stack(0x0000000018f80000,0x0000000019080000)]
  0x00000000033b2000 JavaThread "Reference Handler" daemon [_thread_blocked, id=25908, stack(0x0000000018e80000,0x0000000018f80000)]
  0x0000000002d0e800 JavaThread "main" [_thread_in_native, id=25808, stack(0x0000000002ba0000,0x0000000002ca0000)]

Other Threads:
  0x0000000017cf9000 VMThread [stack: 0x0000000018d80000,0x0000000018e80000] [id=22524]
  0x0000000019146800 WatcherThread [stack: 0x0000000019b80000,0x0000000019c80000] [id=15656]

VM state:not at safepoint (normal execution)

VM Mutex/Monitor currently owned by a thread: None

Heap:
 PSYoungGen      total 107008K, used 17942K [0x00000000d6e00000, 0x00000000de300000, 0x0000000100000000)
  eden space 94720K, 5% used [0x00000000d6e00000,0x00000000d738c5e0,0x00000000dca80000)
  from space 12288K, 99% used [0x00000000dd700000,0x00000000de2f9280,0x00000000de300000)
  to   space 11264K, 0% used [0x00000000dca80000,0x00000000dca80000,0x00000000dd580000)
 ParOldGen       total 70656K, used 31601K [0x0000000084a00000, 0x0000000088f00000, 0x00000000d6e00000)
  object space 70656K, 44% used [0x0000000084a00000,0x00000000868dc540,0x0000000088f00000)
 Metaspace       used 24213K, capacity 24800K, committed 25008K, reserved 1071104K
  class space    used 2849K, capacity 2987K, committed 2992K, reserved 1048576K

Card table byte_map: [0x0000000012780000,0x0000000012b60000] byte_map_base: 0x000000001235b000

Marking Bits: (ParMarkBitMap*) 0x00000000656fa6c0
 Begin Bits: [0x0000000013200000, 0x00000000150d8000)
 End Bits:   [0x00000000150d8000, 0x0000000016fb0000)

Polling page: 0x0000000000fd0000

CodeCache: size=245760Kb used=15136Kb max_used=15136Kb free=230623Kb
 bounds [0x00000000033c0000, 0x00000000042a0000, 0x00000000123c0000]
 total_blobs=4582 nmethods=4168 adapters=326
 compilation: enabled

Compilation events (10 events):
Event: 116.309 Thread 0x0000000019111800 nmethod 4647 0x0000000004290210 code [0x00000000042905a0, 0x0000000004292738]
Event: 116.309 Thread 0x0000000019111800 4649       3       org.eclipse.aether.util.graph.transformer.NearestVersionSelector::selectVersion (218 bytes)
Event: 116.311 Thread 0x0000000019111800 nmethod 4649 0x000000000428db90 code [0x000000000428de80, 0x000000000428f618]
Event: 116.311 Thread 0x0000000019111800 4648       3       org.eclipse.aether.graph.Dependency::setScope (48 bytes)
Event: 116.311 Thread 0x0000000019111800 nmethod 4648 0x00000000042936d0 code [0x0000000004293860, 0x0000000004293cd8]
Event: 116.609 Thread 0x0000000019111800 4650       1       org.eclipse.aether.RepositoryEvent$Builder::setTrace (7 bytes)
Event: 116.609 Thread 0x0000000019111800 nmethod 4650 0x0000000003540b50 code [0x0000000003540ca0, 0x0000000003540dd0]
Event: 116.609 Thread 0x0000000019111800 4651       1       org.eclipse.aether.RepositoryEvent$Builder::setArtifact (7 bytes)
Event: 116.609 Thread 0x0000000019111800 nmethod 4651 0x0000000003ae0410 code [0x0000000003ae0560, 0x0000000003ae0690]
Event: 117.715 Thread 0x0000000017d81000 4652   !   4       java.util.Formatter::format (271 bytes)

GC Heap History (10 events):
Event: 90.701 GC heap before
{Heap before GC invocations=9 (full 0):
 PSYoungGen      total 71680K, used 70528K [0x00000000d6e00000, 0x00000000dc000000, 0x0000000100000000)
  eden space 60928K, 100% used [0x00000000d6e00000,0x00000000da980000,0x00000000da980000)
  from space 10752K, 89% used [0x00000000db480000,0x00000000dbde0000,0x00000000dbf00000)
  to   space 11264K, 0% used [0x00000000da980000,0x00000000da980000,0x00000000db480000)
 ParOldGen       total 84992K, used 13636K [0x0000000084a00000, 0x0000000089d00000, 0x00000000d6e00000)
  object space 84992K, 16% used [0x0000000084a00000,0x0000000085751200,0x0000000089d00000)
 Metaspace       used 16795K, capacity 17218K, committed 17408K, reserved 1064960K
  class space    used 1939K, capacity 2020K, committed 2048K, reserved 1048576K
Event: 90.725 GC heap after
Heap after GC invocations=9 (full 0):
 PSYoungGen      total 72192K, used 9248K [0x00000000d6e00000, 0x00000000de480000, 0x0000000100000000)
  eden space 60928K, 0% used [0x00000000d6e00000,0x00000000d6e00000,0x00000000da980000)
  from space 11264K, 82% used [0x00000000da980000,0x00000000db288000,0x00000000db480000)
  to   space 11776K, 0% used [0x00000000dd900000,0x00000000dd900000,0x00000000de480000)
 ParOldGen       total 84992K, used 17833K [0x0000000084a00000, 0x0000000089d00000, 0x00000000d6e00000)
  object space 84992K, 20% used [0x0000000084a00000,0x0000000085b6a558,0x0000000089d00000)
 Metaspace       used 16795K, capacity 17218K, committed 17408K, reserved 1064960K
  class space    used 1939K, capacity 2020K, committed 2048K, reserved 1048576K
}
Event: 101.359 GC heap before
{Heap before GC invocations=10 (full 0):
 PSYoungGen      total 72192K, used 70176K [0x00000000d6e00000, 0x00000000de480000, 0x0000000100000000)
  eden space 60928K, 100% used [0x00000000d6e00000,0x00000000da980000,0x00000000da980000)
  from space 11264K, 82% used [0x00000000da980000,0x00000000db288000,0x00000000db480000)
  to   space 11776K, 0% used [0x00000000dd900000,0x00000000dd900000,0x00000000de480000)
 ParOldGen       total 84992K, used 17833K [0x0000000084a00000, 0x0000000089d00000, 0x00000000d6e00000)
  object space 84992K, 20% used [0x0000000084a00000,0x0000000085b6a558,0x0000000089d00000)
 Metaspace       used 17742K, capacity 18290K, committed 18560K, reserved 1064960K
  class space    used 2036K, capacity 2164K, committed 2176K, reserved 1048576K
Event: 101.376 GC heap after
Heap after GC invocations=10 (full 0):
 PSYoungGen      total 67072K, used 7437K [0x00000000d6e00000, 0x00000000de080000, 0x0000000100000000)
  eden space 59392K, 0% used [0x00000000d6e00000,0x00000000d6e00000,0x00000000da800000)
  from space 7680K, 96% used [0x00000000dd900000,0x00000000de0437e8,0x00000000de080000)
  to   space 11264K, 0% used [0x00000000dca80000,0x00000000dca80000,0x00000000dd580000)
 ParOldGen       total 84992K, used 22801K [0x0000000084a00000, 0x0000000089d00000, 0x00000000d6e00000)
  object space 84992K, 26% used [0x0000000084a00000,0x0000000086044558,0x0000000089d00000)
 Metaspace       used 17742K, capacity 18290K, committed 18560K, reserved 1064960K
  class space    used 2036K, capacity 2164K, committed 2176K, reserved 1048576K
}
Event: 102.475 GC heap before
{Heap before GC invocations=11 (full 0):
 PSYoungGen      total 67072K, used 22847K [0x00000000d6e00000, 0x00000000de080000, 0x0000000100000000)
  eden space 59392K, 25% used [0x00000000d6e00000,0x00000000d7d0c670,0x00000000da800000)
  from space 7680K, 96% used [0x00000000dd900000,0x00000000de0437e8,0x00000000de080000)
  to   space 11264K, 0% used [0x00000000dca80000,0x00000000dca80000,0x00000000dd580000)
 ParOldGen       total 84992K, used 22801K [0x0000000084a00000, 0x0000000089d00000, 0x00000000d6e00000)
  object space 84992K, 26% used [0x0000000084a00000,0x0000000086044558,0x0000000089d00000)
 Metaspace       used 20686K, capacity 21226K, committed 21296K, reserved 1069056K
  class space    used 2440K, capacity 2588K, committed 2608K, reserved 1048576K
Event: 102.505 GC heap after
Heap after GC invocations=11 (full 0):
 PSYoungGen      total 105984K, used 1443K [0x00000000d6e00000, 0x00000000de300000, 0x0000000100000000)
  eden space 94720K, 0% used [0x00000000d6e00000,0x00000000d6e00000,0x00000000dca80000)
  from space 11264K, 12% used [0x00000000dca80000,0x00000000dcbe8c30,0x00000000dd580000)
  to   space 12288K, 0% used [0x00000000dd700000,0x00000000dd700000,0x00000000de300000)
 ParOldGen       total 84992K, used 29033K [0x0000000084a00000, 0x0000000089d00000, 0x00000000d6e00000)
  object space 84992K, 34% used [0x0000000084a00000,0x000000008665a558,0x0000000089d00000)
 Metaspace       used 20686K, capacity 21226K, committed 21296K, reserved 1069056K
  class space    used 2440K, capacity 2588K, committed 2608K, reserved 1048576K
}
Event: 102.505 GC heap before
{Heap before GC invocations=12 (full 1):
 PSYoungGen      total 105984K, used 1443K [0x00000000d6e00000, 0x00000000de300000, 0x0000000100000000)
  eden space 94720K, 0% used [0x00000000d6e00000,0x00000000d6e00000,0x00000000dca80000)
  from space 11264K, 12% used [0x00000000dca80000,0x00000000dcbe8c30,0x00000000dd580000)
  to   space 12288K, 0% used [0x00000000dd700000,0x00000000dd700000,0x00000000de300000)
 ParOldGen       total 84992K, used 29033K [0x0000000084a00000, 0x0000000089d00000, 0x00000000d6e00000)
  object space 84992K, 34% used [0x0000000084a00000,0x000000008665a558,0x0000000089d00000)
 Metaspace       used 20686K, capacity 21226K, committed 21296K, reserved 1069056K
  class space    used 2440K, capacity 2588K, committed 2608K, reserved 1048576K
Event: 102.860 GC heap after
Heap after GC invocations=12 (full 1):
 PSYoungGen      total 105984K, used 0K [0x00000000d6e00000, 0x00000000de300000, 0x0000000100000000)
  eden space 94720K, 0% used [0x00000000d6e00000,0x00000000d6e00000,0x00000000dca80000)
  from space 11264K, 0% used [0x00000000dca80000,0x00000000dca80000,0x00000000dd580000)
  to   space 12288K, 0% used [0x00000000dd700000,0x00000000dd700000,0x00000000de300000)
 ParOldGen       total 70656K, used 25241K [0x0000000084a00000, 0x0000000088f00000, 0x00000000d6e00000)
  object space 70656K, 35% used [0x0000000084a00000,0x00000000862a64b8,0x0000000088f00000)
 Metaspace       used 20686K, capacity 21226K, committed 21296K, reserved 1069056K
  class space    used 2440K, capacity 2588K, committed 2608K, reserved 1048576K
}
Event: 115.443 GC heap before
{Heap before GC invocations=13 (full 1):
 PSYoungGen      total 105984K, used 94720K [0x00000000d6e00000, 0x00000000de300000, 0x0000000100000000)
  eden space 94720K, 100% used [0x00000000d6e00000,0x00000000dca80000,0x00000000dca80000)
  from space 11264K, 0% used [0x00000000dca80000,0x00000000dca80000,0x00000000dd580000)
  to   space 12288K, 0% used [0x00000000dd700000,0x00000000dd700000,0x00000000de300000)
 ParOldGen       total 70656K, used 25241K [0x0000000084a00000, 0x0000000088f00000, 0x00000000d6e00000)
  object space 70656K, 35% used [0x0000000084a00000,0x00000000862a64b8,0x0000000088f00000)
 Metaspace       used 24192K, capacity 24794K, committed 25008K, reserved 1071104K
  class space    used 2848K, capacity 2986K, committed 2992K, reserved 1048576K
Event: 115.474 GC heap after
Heap after GC invocations=13 (full 1):
 PSYoungGen      total 107008K, used 12260K [0x00000000d6e00000, 0x00000000de300000, 0x0000000100000000)
  eden space 94720K, 0% used [0x00000000d6e00000,0x00000000d6e00000,0x00000000dca80000)
  from space 12288K, 99% used [0x00000000dd700000,0x00000000de2f9280,0x00000000de300000)
  to   space 11264K, 0% used [0x00000000dca80000,0x00000000dca80000,0x00000000dd580000)
 ParOldGen       total 70656K, used 31601K [0x0000000084a00000, 0x0000000088f00000, 0x00000000d6e00000)
  object space 70656K, 44% used [0x0000000084a00000,0x00000000868dc540,0x0000000088f00000)
 Metaspace       used 24192K, capacity 24794K, committed 25008K, reserved 1071104K
  class space    used 2848K, capacity 2986K, committed 2992K, reserved 1048576K
}

Deoptimization events (10 events):
Event: 114.206 Thread 0x0000000002d0e800 Uncommon trap: reason=bimorphic action=maybe_recompile pc=0x0000000004230f7c method=com.sun.tools.javac.code.Scope.lookup(Lcom/sun/tools/javac/util/Name;Lcom/sun/tools/javac/util/Filter;)Lcom/sun/tools/javac/code/Scope$Entry; @ 49
Event: 114.218 Thread 0x0000000002d0e800 Uncommon trap: reason=bimorphic action=maybe_recompile pc=0x0000000004230f7c method=com.sun.tools.javac.code.Scope.lookup(Lcom/sun/tools/javac/util/Name;Lcom/sun/tools/javac/util/Filter;)Lcom/sun/tools/javac/code/Scope$Entry; @ 49
Event: 114.218 Thread 0x0000000002d0e800 Uncommon trap: reason=bimorphic action=maybe_recompile pc=0x0000000004230f7c method=com.sun.tools.javac.code.Scope.lookup(Lcom/sun/tools/javac/util/Name;Lcom/sun/tools/javac/util/Filter;)Lcom/sun/tools/javac/code/Scope$Entry; @ 49
Event: 114.219 Thread 0x0000000002d0e800 Uncommon trap: reason=bimorphic action=maybe_recompile pc=0x0000000004230f7c method=com.sun.tools.javac.code.Scope.lookup(Lcom/sun/tools/javac/util/Name;Lcom/sun/tools/javac/util/Filter;)Lcom/sun/tools/javac/code/Scope$Entry; @ 49
Event: 114.317 Thread 0x0000000002d0e800 Uncommon trap: reason=unstable_if action=reinterpret pc=0x00000000042414bc method=com.sun.tools.javac.code.Scope.enter(Lcom/sun/tools/javac/code/Symbol;Lcom/sun/tools/javac/code/Scope;Lcom/sun/tools/javac/code/Scope;Z)V @ 116
Event: 114.515 Thread 0x0000000002d0e800 Uncommon trap: reason=class_check action=maybe_recompile pc=0x00000000037e83f4 method=java.lang.Integer.equals(Ljava/lang/Object;)Z @ 1
Event: 114.515 Thread 0x0000000002d0e800 Uncommon trap: reason=class_check action=maybe_recompile pc=0x00000000037e83f4 method=java.lang.Integer.equals(Ljava/lang/Object;)Z @ 1
Event: 114.633 Thread 0x0000000002d0e800 Uncommon trap: reason=unstable_if action=reinterpret pc=0x00000000042020cc method=com.sun.tools.javac.util.Convert.chars2utf([CI[BII)I @ 35
Event: 114.667 Thread 0x0000000002d0e800 Uncommon trap: reason=class_check action=maybe_recompile pc=0x0000000003b0aec0 method=sun.nio.cs.StreamEncoder.writeBytes()V @ 120
Event: 114.767 Thread 0x0000000002d0e800 Uncommon trap: reason=unstable_if action=reinterpret pc=0x000000000377be00 method=java.util.concurrent.ConcurrentHashMap.putVal(Ljava/lang/Object;Ljava/lang/Object;Z)Ljava/lang/Object; @ 206

Internal exceptions (10 events):
Event: 80.988 Thread 0x0000000002d0e800 Implicit null exception at 0x0000000003c7303c to 0x0000000003c75fd5
Event: 97.129 Thread 0x0000000002d0e800 Implicit null exception at 0x0000000003c556fd to 0x0000000003c55b25
Event: 97.135 Thread 0x0000000002d0e800 Implicit null exception at 0x00000000036b6cc7 to 0x00000000036b7419
Event: 101.731 Thread 0x0000000002d0e800 Exception <a 'java/lang/ClassNotFoundException': com/sun/tools/javac/api/JavacTool> (0x00000000d7276420) thrown at [C:\re\workspace\8-2-build-windows-amd64-cygwin\jdk8u111\7883\hotspot\src\share\vm\classfile\systemDictionary.cpp, line 210]
Event: 109.578 Thread 0x0000000002d0e800 Exception <a 'java/io/FileNotFoundException'> (0x00000000d8494238) thrown at [C:\re\workspace\8-2-build-windows-amd64-cygwin\jdk8u111\7883\hotspot\src\share\vm\prims\jni.cpp, line 709]
Event: 109.645 Thread 0x0000000002d0e800 Exception <a 'java/io/FileNotFoundException'> (0x00000000d84eea40) thrown at [C:\re\workspace\8-2-build-windows-amd64-cygwin\jdk8u111\7883\hotspot\src\share\vm\prims\jni.cpp, line 709]
Event: 111.671 Thread 0x0000000002d0e800 Implicit null exception at 0x0000000003aa2b71 to 0x0000000003aa2f85
Event: 111.688 Thread 0x0000000002d0e800 Implicit null exception at 0x0000000003a61115 to 0x0000000003a61311
Event: 113.797 Thread 0x0000000002d0e800 Implicit null exception at 0x0000000003a07a31 to 0x0000000003a0859d
Event: 113.798 Thread 0x0000000002d0e800 Implicit null exception at 0x00000000036e3a58 to 0x00000000036e3ae6

Events (10 events):
Event: 114.788 Thread 0x0000000019111800 flushing nmethod 0x0000000003ae0410
Event: 114.788 Thread 0x0000000019111800 flushing nmethod 0x0000000003aea110
Event: 114.788 Thread 0x0000000019111800 flushing nmethod 0x0000000003b04990
Event: 114.790 Thread 0x0000000019111800 flushing nmethod 0x0000000003c6e590
Event: 114.790 Thread 0x0000000019111800 flushing nmethod 0x0000000003c7e350
Event: 114.790 Thread 0x0000000019111800 flushing nmethod 0x0000000003cc0690
Event: 115.443 Executing VM operation: ParallelGCFailedAllocation
Event: 115.474 Executing VM operation: ParallelGCFailedAllocation done
Event: 116.306 Thread 0x0000000002d0e800 DEOPT PACKING pc=0x0000000003e881ba sp=0x0000000002c9dc50
Event: 116.306 Thread 0x0000000002d0e800 DEOPT UNPACKING pc=0x000000000340787f sp=0x0000000002c9d968 mode 0


Dynamic libraries:
0x00007ff623000000 - 0x00007ff623037000 	C:\Program Files\Java\jdk1.8.0_111\bin\java.exe
0x00007fff31690000 - 0x00007fff3187d000 	C:\WINDOWS\SYSTEM32\ntdll.dll
0x00007fff2ef50000 - 0x00007fff2f003000 	C:\WINDOWS\System32\KERNEL32.DLL
0x00007fff2e610000 - 0x00007fff2e8a3000 	C:\WINDOWS\System32\KERNELBASE.dll
0x00007fff2f3a0000 - 0x00007fff2f443000 	C:\WINDOWS\System32\ADVAPI32.dll
0x00007fff2ecd0000 - 0x00007fff2ed6e000 	C:\WINDOWS\System32\msvcrt.dll
0x00007fff2f0d0000 - 0x00007fff2f16e000 	C:\WINDOWS\System32\sechost.dll
0x00007fff2f1f0000 - 0x00007fff2f312000 	C:\WINDOWS\System32\RPCRT4.dll
0x00007fff30f20000 - 0x00007fff310b7000 	C:\WINDOWS\System32\USER32.dll
0x00007fff2d750000 - 0x00007fff2d770000 	C:\WINDOWS\System32\win32u.dll
0x00007fff2e8b0000 - 0x00007fff2e8d9000 	C:\WINDOWS\System32\GDI32.dll
0x00007fff2e3f0000 - 0x00007fff2e589000 	C:\WINDOWS\System32\gdi32full.dll
0x00007fff2d870000 - 0x00007fff2d910000 	C:\WINDOWS\System32\msvcp_win.dll
0x00007fff2d770000 - 0x00007fff2d86a000 	C:\WINDOWS\System32\ucrtbase.dll
0x00007fff1c950000 - 0x00007fff1cbc9000 	C:\WINDOWS\WinSxS\amd64_microsoft.windows.common-controls_6595b64144ccf1df_6.0.17763.1098_none_de762ed45346ee8a\COMCTL32.dll
0x00007fff2f450000 - 0x00007fff2f77c000 	C:\WINDOWS\System32\combase.dll
0x00007fff2e590000 - 0x00007fff2e60e000 	C:\WINDOWS\System32\bcryptPrimitives.dll
0x00007fff310c0000 - 0x00007fff310ee000 	C:\WINDOWS\System32\IMM32.DLL
0x0000000066440000 - 0x0000000066512000 	C:\Program Files\Java\jdk1.8.0_111\jre\bin\msvcr100.dll
0x0000000064ee0000 - 0x000000006577a000 	C:\Program Files\Java\jdk1.8.0_111\jre\bin\server\jvm.dll
0x00007fff315f0000 - 0x00007fff315f8000 	C:\WINDOWS\System32\PSAPI.DLL
0x00007fff29900000 - 0x00007fff29924000 	C:\WINDOWS\SYSTEM32\WINMM.dll
0x00007fff298d0000 - 0x00007fff298fd000 	C:\WINDOWS\SYSTEM32\WINMMBASE.dll
0x00007fff2e090000 - 0x00007fff2e0da000 	C:\WINDOWS\System32\cfgmgr32.dll
0x00007fff21f50000 - 0x00007fff21f5a000 	C:\WINDOWS\SYSTEM32\VERSION.dll
0x00007fff148d0000 - 0x00007fff148d9000 	C:\WINDOWS\SYSTEM32\WSOCK32.dll
0x00007fff2f330000 - 0x00007fff2f39d000 	C:\WINDOWS\System32\WS2_32.dll
0x0000000066850000 - 0x000000006685f000 	C:\Program Files\Java\jdk1.8.0_111\jre\bin\verify.dll
0x0000000066820000 - 0x0000000066849000 	C:\Program Files\Java\jdk1.8.0_111\jre\bin\java.dll
0x0000000066170000 - 0x0000000066193000 	C:\Program Files\Java\jdk1.8.0_111\jre\bin\instrument.dll
0x0000000066800000 - 0x0000000066816000 	C:\Program Files\Java\jdk1.8.0_111\jre\bin\zip.dll
0x00007fff2fa20000 - 0x00007fff30f14000 	C:\WINDOWS\System32\SHELL32.dll
0x00007fff2eb50000 - 0x00007fff2ebf8000 	C:\WINDOWS\System32\shcore.dll
0x00007fff2d940000 - 0x00007fff2e08d000 	C:\WINDOWS\System32\windows.storage.dll
0x00007fff2d680000 - 0x00007fff2d6a4000 	C:\WINDOWS\System32\profapi.dll
0x00007fff2d6f0000 - 0x00007fff2d74d000 	C:\WINDOWS\System32\powrprof.dll
0x00007fff2e8e0000 - 0x00007fff2e932000 	C:\WINDOWS\System32\shlwapi.dll
0x00007fff2d6d0000 - 0x00007fff2d6e1000 	C:\WINDOWS\System32\kernel.appcore.dll
0x00007fff2e0e0000 - 0x00007fff2e0f7000 	C:\WINDOWS\System32\cryptsp.dll
0x00007fff22ab0000 - 0x00007fff22aca000 	E:\DengHP\IntelliJ IDEA 2019.2.2\bin\breakgen64.dll
0x00000000667d0000 - 0x00000000667ea000 	C:\Program Files\Java\jdk1.8.0_111\jre\bin\net.dll
0x00007fff2cea0000 - 0x00007fff2cf07000 	C:\WINDOWS\system32\mswsock.dll
0x00007fff2ca30000 - 0x00007fff2ca63000 	C:\WINDOWS\system32\rsaenh.dll
0x00007fff2d910000 - 0x00007fff2d936000 	C:\WINDOWS\System32\bcrypt.dll
0x00007fff2d5b0000 - 0x00007fff2d5d8000 	C:\WINDOWS\SYSTEM32\USERENV.dll
0x00007fff2d020000 - 0x00007fff2d02c000 	C:\WINDOWS\SYSTEM32\CRYPTBASE.dll
0x00007fff2cbd0000 - 0x00007fff2cc0d000 	C:\WINDOWS\SYSTEM32\IPHLPAPI.DLL
0x00007fff2f320000 - 0x00007fff2f328000 	C:\WINDOWS\System32\NSI.dll
0x00007fff22270000 - 0x00007fff22286000 	C:\WINDOWS\SYSTEM32\dhcpcsvc6.DLL
0x00007fff22170000 - 0x00007fff2218c000 	C:\WINDOWS\SYSTEM32\dhcpcsvc.DLL
0x00007fff2cc50000 - 0x00007fff2cd16000 	C:\WINDOWS\SYSTEM32\DNSAPI.dll
0x00000000667b0000 - 0x00000000667c1000 	C:\Program Files\Java\jdk1.8.0_111\jre\bin\nio.dll
0x00007fff1d970000 - 0x00007fff1d97a000 	C:\Users\ChenJ\AppData\Local\Temp\jansi-1.17.1-2930085909883070921.dll
0x00007fff1afb0000 - 0x00007fff1afba000 	C:\Users\ChenJ\AppData\Local\Temp\jansi-1.17.1-3136819520019757831.dll

VM Arguments:
jvm_args: -Dmaven.multiModuleProjectDirectory=E:\study\ÏîÄ¿Êµ¼ù\springcloud_project\hx-shop-parent\hx-shop-common\hx-shop-common-core -Dmaven.home=E:\DengHP\IntelliJ IDEA 2019.2.2\plugins\maven\lib\maven3 -Dclassworlds.conf=E:\DengHP\IntelliJ IDEA 2019.2.2\plugins\maven\lib\maven3\bin\m2.conf -Dmaven.ext.class.path=E:\DengHP\IntelliJ IDEA 2019.2.2\plugins\maven\lib\maven-event-listener.jar -javaagent:E:\DengHP\IntelliJ IDEA 2019.2.2\lib\idea_rt.jar=50422:E:\DengHP\IntelliJ IDEA 2019.2.2\bin -Dfile.encoding=UTF-8 
java_command: org.codehaus.classworlds.Launcher -Didea.version2019.2.4 install
java_class_path (initial): E:\DengHP\IntelliJ IDEA 2019.2.2\plugins\maven\lib\maven3\boot\plexus-classworlds-2.6.0.jar;E:\DengHP\IntelliJ IDEA 2019.2.2\lib\idea_rt.jar
Launcher Type: SUN_STANDARD

Environment Variables:
JAVA_HOME=C:\Program Files\Java\jdk1.8.0_111
PATH=C:\Program Files (x86)\Common Files\NetSarang;C:\ProgramData\Oracle\Java\javapath;D:\app\ChenJ\product\11.2.0\dbhome_1\bin;C:\Windows\system32;C:\Windows;C:\Windows\System32\Wbem;C:\Windows\System32\WindowsPowerShell\v1.0\;C:\Program Files (x86)\Intel\Intel(R) Management Engine Components\DAL;C:\Program Files\Intel\Intel(R) Management Engine Components\DAL;C:\Program Files (x86)\NVIDIA Corporation\PhysX\Common;C:\Program Files\NVIDIA Corporation\NVIDIA NvDLISR;C:\WINDOWS\system32;C:\WINDOWS;C:\WINDOWS\System32\Wbem;C:\WINDOWS\System32\WindowsPowerShell\v1.0\;C:\WINDOWS\System32\OpenSSH\;C:\Program Files\TortoiseSVN\bin;E:\DengHP\apache-maven-3.6.1\bin;C:\Program Files\Java\jdk1.8.0_111\bin;C:\Program Files\Git\cmd;C:\Program Files\nodejs\;D:\app\ChenJ\product\11.2.0\dbhome_1;C:\Program Files\Docker\Docker\resources\bin;C:\ProgramData\DockerDesktop\version-bin;C:\Users\ChenJ\AppData\Local\Programs\Python\Python37\Scripts\;C:\Users\ChenJ\AppData\Local\Programs\Python\Python37\;%USERPROFILE%\AppData\Local\Microsoft\WindowsApps;;C:\Users\ChenJ\AppData\Roaming\npm;C:\Users\ChenJ\AppData\Roaming\npm
USERNAME=Deng
OS=Windows_NT
PROCESSOR_IDENTIFIER=Intel64 Family 6 Model 61 Stepping 4, GenuineIntel



---------------  S Y S T E M  ---------------

OS: Windows 10.0 , 64 bit Build 17763 (10.0.17763.475)

CPU:total 4 (2 cores per cpu, 2 threads per core) family 6 model 61 stepping 4, cmov, cx8, fxsr, mmx, sse, sse2, sse3, ssse3, sse4.1, sse4.2, popcnt, avx, avx2, clmul, erms, 3dnowpref, lzcnt, ht, tsc, tscinvbit, bmi1, bmi2, adx

Memory: 4k page, physical 8077532k(1014536k free), swap 16466140k(4452k free)

vm_info: Java HotSpot(TM) 64-Bit Server VM (25.111-b14) for windows-amd64 JRE (1.8.0_111-b14), built on Sep 22 2016 19:24:05 by "java_re" with MS VC++ 10.0 (VS2010)

time: Wed Apr 15 09:25:21 2020
elapsed time: 117 seconds (0d 0h 1m 57s)

